<?xml version="1.0" encoding="UTF-8"?>
<testng-results skipped="0" failed="0" ignored="0" total="4" passed="4">
  <reporter-output>
  </reporter-output>
  <suite name="AutomationSuite" duration-ms="66" started-at="2018-08-09T09:25:34Z" finished-at="2018-08-09T09:25:35Z">
    <groups>
    </groups>
    <test name="ReportNGTest1" duration-ms="25" started-at="2018-08-09T09:25:34Z" finished-at="2018-08-09T09:25:34Z">
      <class name="ReportNG.ReportNGTest1">
        <test-method status="PASS" signature="reportNGTest1Test()[pri:0, instance:ReportNG.ReportNGTest1@56f4468b]" name="reportNGTest1Test" duration-ms="7" started-at="2018-08-09T09:25:34Z" finished-at="2018-08-09T09:25:34Z">
          <reporter-output>
          </reporter-output>
        </test-method> <!-- reportNGTest1Test -->
        <test-method status="PASS" signature="reportNGTest2Test()[pri:0, instance:ReportNG.ReportNGTest1@56f4468b]" name="reportNGTest2Test" duration-ms="1" started-at="2018-08-09T09:25:34Z" finished-at="2018-08-09T09:25:34Z">
          <reporter-output>
          </reporter-output>
        </test-method> <!-- reportNGTest2Test -->
      </class> <!-- ReportNG.ReportNGTest1 -->
    </test> <!-- ReportNGTest1 -->
    <test name="ReportNGTest2" duration-ms="4" started-at="2018-08-09T09:25:35Z" finished-at="2018-08-09T09:25:35Z">
      <class name="ReportNG.ReportNGTest2">
        <test-method status="PASS" signature="reportNGTest3Test()[pri:0, instance:ReportNG.ReportNGTest2@cc285f4]" name="reportNGTest3Test" duration-ms="1" started-at="2018-08-09T09:25:35Z" finished-at="2018-08-09T09:25:35Z">
          <reporter-output>
          </reporter-output>
        </test-method> <!-- reportNGTest3Test -->
        <test-method status="PASS" signature="reportNGTest4Test()[pri:0, instance:ReportNG.ReportNGTest2@cc285f4]" name="reportNGTest4Test" duration-ms="1" started-at="2018-08-09T09:25:35Z" finished-at="2018-08-09T09:25:35Z">
          <reporter-output>
          </reporter-output>
        </test-method> <!-- reportNGTest4Test -->
      </class> <!-- ReportNG.ReportNGTest2 -->
    </test> <!-- ReportNGTest2 -->
  </suite> <!-- AutomationSuite -->
</testng-results>
