<?xml version="1.0" encoding="UTF-8"?>
<testsuite name="parallelexecution"
           tests="5"
           failures="0"
           errors="0"
           skipped="0"
           time="0.010">
  <properties />
  
  
            <testcase name="secondTest" time="0.001" classname="parallel.parrallelmethods" />
                <testcase name="firstTest" time="0.006" classname="parallel.parrallelmethods" />
                <testcase name="fourthTest" time="0.001" classname="parallel.parrallelmethods" />
                <testcase name="fifthTest" time="0.001" classname="parallel.parrallelmethods" />
                <testcase name="thirdTest" time="0.001" classname="parallel.parrallelmethods" />
      
</testsuite>
