<?xml version="1.0" encoding="UTF-8"?>
<testsuite name="TestNGPriority"
           tests="5"
           failures="0"
           errors="0"
           skipped="0"
           time="0.005">
  <properties />
  
  
            <testcase name="secondTest" time="0.001" classname="Priority.TestNGPriority" />
                <testcase name="fourthTest" time="0.001" classname="Priority.TestNGPriority" />
                <testcase name="fifthTest" time="0.000" classname="Priority.TestNGPriority" />
                <testcase name="thirdTest" time="0.001" classname="Priority.TestNGPriority" />
                <testcase name="firstTest" time="0.002" classname="Priority.TestNGPriority" />
      
</testsuite>
